2020-06-07T22:12:48: PM2 log: ===============================================================================
2020-06-07T22:12:48: PM2 log: --- New PM2 Daemon started ----------------------------------------------------
2020-06-07T22:12:48: PM2 log: Time                 : Sun Jun 07 2020 22:12:48 GMT+0000 (Coordinated Universal Time)
2020-06-07T22:12:48: PM2 log: PM2 version          : 4.4.0
2020-06-07T22:12:48: PM2 log: Node.js version      : 14.4.0
2020-06-07T22:12:48: PM2 log: Current arch         : x64
2020-06-07T22:12:48: PM2 log: PM2 home             : /root/.pm2
2020-06-07T22:12:48: PM2 log: PM2 PID file         : /root/.pm2/pm2.pid
2020-06-07T22:12:48: PM2 log: RPC socket file      : /root/.pm2/rpc.sock
2020-06-07T22:12:48: PM2 log: BUS socket file      : /root/.pm2/pub.sock
2020-06-07T22:12:48: PM2 log: Application log path : /root/.pm2/logs
2020-06-07T22:12:48: PM2 log: Worker Interval      : 30000
2020-06-07T22:12:48: PM2 log: Process dump file    : /root/.pm2/dump.pm2
2020-06-07T22:12:48: PM2 log: Concurrent actions   : 2
2020-06-07T22:12:48: PM2 log: SIGTERM timeout      : 1600
2020-06-07T22:12:48: PM2 log: ===============================================================================
2020-06-07T22:12:48: PM2 log: App [mi-api:0] starting in -fork mode-
2020-06-07T22:12:48: PM2 log: App [mi-api:0] online
2020-06-07T22:28:33: PM2 log: App [mi-api:0] exited with code [1] via signal [SIGINT]
2020-06-07T22:28:33: PM2 log: App [mi-api:0] starting in -fork mode-
2020-06-07T22:28:33: PM2 log: App [mi-api:0] online
2020-06-07T22:47:15: PM2 log: App [mi-api:0] exited with code [1] via signal [SIGINT]
2020-06-07T22:47:15: PM2 log: App [mi-api:0] starting in -fork mode-
2020-06-07T22:47:15: PM2 log: App [mi-api:0] online
2020-06-07T23:24:32: PM2 log: App [mi-api:0] exited with code [1] via signal [SIGINT]
2020-06-07T23:24:32: PM2 log: App [mi-api:0] starting in -fork mode-
2020-06-07T23:24:32: PM2 log: App [mi-api:0] online
2020-06-07T23:59:27: PM2 log: App [mi-api:0] exited with code [1] via signal [SIGINT]
2020-06-07T23:59:27: PM2 log: App [mi-api:0] starting in -fork mode-
2020-06-07T23:59:27: PM2 log: App [mi-api:0] online
2020-06-08T00:14:29: PM2 log: App [mi-api:0] exited with code [1] via signal [SIGINT]
2020-06-08T00:14:29: PM2 log: App [mi-api:0] starting in -fork mode-
2020-06-08T00:14:29: PM2 log: App [mi-api:0] online
2020-06-08T01:57:54: PM2 log: App [mi-api:0] exited with code [1] via signal [SIGINT]
2020-06-08T01:57:54: PM2 log: App [mi-api:0] starting in -fork mode-
2020-06-08T01:57:54: PM2 log: App [mi-api:0] online
2020-06-08T02:42:25: PM2 log: App [mi-api:0] exited with code [1] via signal [SIGINT]
2020-06-08T02:42:25: PM2 log: App [mi-api:0] starting in -fork mode-
2020-06-08T02:42:25: PM2 log: App [mi-api:0] online
2020-06-08T03:20:59: PM2 log: App [mi-api:0] exited with code [1] via signal [SIGINT]
2020-06-08T03:20:59: PM2 log: App [mi-api:0] starting in -fork mode-
2020-06-08T03:20:59: PM2 log: App [mi-api:0] online
2020-06-08T03:50:15: PM2 log: App [mi-api:0] exited with code [1] via signal [SIGINT]
2020-06-08T03:50:15: PM2 log: App [mi-api:0] starting in -fork mode-
2020-06-08T03:50:15: PM2 log: App [mi-api:0] online
2020-06-08T04:27:34: PM2 log: App [mi-api:0] exited with code [1] via signal [SIGINT]
2020-06-08T04:27:34: PM2 log: App [mi-api:0] starting in -fork mode-
2020-06-08T04:27:34: PM2 log: App [mi-api:0] online
2020-06-08T05:01:50: PM2 log: App [mi-api:0] exited with code [1] via signal [SIGINT]
2020-06-08T05:01:50: PM2 log: App [mi-api:0] starting in -fork mode-
2020-06-08T05:01:50: PM2 log: App [mi-api:0] online
2020-06-08T05:32:47: PM2 log: App [mi-api:0] exited with code [1] via signal [SIGINT]
2020-06-08T05:32:47: PM2 log: App [mi-api:0] starting in -fork mode-
2020-06-08T05:32:47: PM2 log: App [mi-api:0] online
2020-06-08T06:46:19: PM2 log: App [mi-api:0] exited with code [1] via signal [SIGINT]
2020-06-08T06:46:19: PM2 log: App [mi-api:0] starting in -fork mode-
2020-06-08T06:46:19: PM2 log: App [mi-api:0] online
2020-06-08T07:31:05: PM2 log: App [mi-api:0] exited with code [1] via signal [SIGINT]
2020-06-08T07:31:05: PM2 log: App [mi-api:0] starting in -fork mode-
2020-06-08T07:31:05: PM2 log: App [mi-api:0] online
2020-06-08T08:18:03: PM2 log: App [mi-api:0] exited with code [1] via signal [SIGINT]
2020-06-08T08:18:03: PM2 log: App [mi-api:0] starting in -fork mode-
2020-06-08T08:18:03: PM2 log: App [mi-api:0] online
2020-06-08T09:57:46: PM2 log: App [mi-api:0] exited with code [1] via signal [SIGINT]
2020-06-08T09:57:46: PM2 log: App [mi-api:0] starting in -fork mode-
2020-06-08T09:57:46: PM2 log: App [mi-api:0] online
2020-06-08T10:26:22: PM2 log: App [mi-api:0] exited with code [1] via signal [SIGINT]
2020-06-08T10:26:22: PM2 log: App [mi-api:0] starting in -fork mode-
2020-06-08T10:26:22: PM2 log: App [mi-api:0] online
2020-06-08T10:53:37: PM2 log: App [mi-api:0] exited with code [1] via signal [SIGINT]
2020-06-08T10:53:37: PM2 log: App [mi-api:0] starting in -fork mode-
2020-06-08T10:53:37: PM2 log: App [mi-api:0] online
2020-06-08T12:49:41: PM2 log: App [mi-api:0] exited with code [1] via signal [SIGINT]
2020-06-08T12:49:41: PM2 log: App [mi-api:0] starting in -fork mode-
2020-06-08T12:49:41: PM2 log: App [mi-api:0] online
2020-06-08T13:27:58: PM2 log: App [mi-api:0] exited with code [1] via signal [SIGINT]
2020-06-08T13:27:58: PM2 log: App [mi-api:0] starting in -fork mode-
2020-06-08T13:27:58: PM2 log: App [mi-api:0] online
2020-06-08T14:06:17: PM2 log: App [mi-api:0] exited with code [1] via signal [SIGINT]
2020-06-08T14:06:17: PM2 log: App [mi-api:0] starting in -fork mode-
2020-06-08T14:06:17: PM2 log: App [mi-api:0] online
2020-06-08T14:58:28: PM2 log: App [mi-api:0] exited with code [1] via signal [SIGINT]
2020-06-08T14:58:28: PM2 log: App [mi-api:0] starting in -fork mode-
2020-06-08T14:58:28: PM2 log: App [mi-api:0] online
2020-06-08T15:14:34: PM2 log: App [mi-api:0] exited with code [1] via signal [SIGINT]
2020-06-08T15:14:34: PM2 log: App [mi-api:0] starting in -fork mode-
2020-06-08T15:14:34: PM2 log: App [mi-api:0] online
2020-06-08T15:34:27: PM2 log: App [mi-api:0] exited with code [1] via signal [SIGINT]
2020-06-08T15:34:27: PM2 log: App [mi-api:0] starting in -fork mode-
2020-06-08T15:34:27: PM2 log: App [mi-api:0] online
2020-06-08T15:55:21: PM2 log: App [mi-api:0] exited with code [1] via signal [SIGINT]
2020-06-08T15:55:21: PM2 log: App [mi-api:0] starting in -fork mode-
2020-06-08T15:55:21: PM2 log: App [mi-api:0] online
2020-06-08T16:40:52: PM2 log: App [mi-api:0] exited with code [1] via signal [SIGINT]
2020-06-08T16:40:52: PM2 log: App [mi-api:0] starting in -fork mode-
2020-06-08T16:40:52: PM2 log: App [mi-api:0] online
2020-06-08T17:07:22: PM2 log: App [mi-api:0] exited with code [1] via signal [SIGINT]
2020-06-08T17:07:22: PM2 log: App [mi-api:0] starting in -fork mode-
2020-06-08T17:07:22: PM2 log: App [mi-api:0] online
2020-06-08T18:03:55: PM2 log: App [mi-api:0] exited with code [1] via signal [SIGINT]
2020-06-08T18:03:55: PM2 log: App [mi-api:0] starting in -fork mode-
2020-06-08T18:03:55: PM2 log: App [mi-api:0] online
2020-06-08T19:30:11: PM2 log: App [mi-api:0] exited with code [1] via signal [SIGINT]
2020-06-08T19:30:11: PM2 log: App [mi-api:0] starting in -fork mode-
2020-06-08T19:30:11: PM2 log: App [mi-api:0] online
2020-06-08T20:10:10: PM2 log: App [mi-api:0] exited with code [1] via signal [SIGINT]
2020-06-08T20:10:10: PM2 log: App [mi-api:0] starting in -fork mode-
2020-06-08T20:10:10: PM2 log: App [mi-api:0] online
2020-06-08T20:26:52: PM2 log: App [mi-api:0] exited with code [1] via signal [SIGINT]
2020-06-08T20:26:52: PM2 log: App [mi-api:0] starting in -fork mode-
2020-06-08T20:26:52: PM2 log: App [mi-api:0] online
2020-06-08T20:45:44: PM2 log: App [mi-api:0] exited with code [1] via signal [SIGINT]
2020-06-08T20:45:44: PM2 log: App [mi-api:0] starting in -fork mode-
2020-06-08T20:45:44: PM2 log: App [mi-api:0] online
2020-06-08T21:42:41: PM2 log: App [mi-api:0] exited with code [1] via signal [SIGINT]
2020-06-08T21:42:41: PM2 log: App [mi-api:0] starting in -fork mode-
2020-06-08T21:42:41: PM2 log: App [mi-api:0] online
2020-06-08T22:06:43: PM2 log: App [mi-api:0] exited with code [1] via signal [SIGINT]
2020-06-08T22:06:43: PM2 log: App [mi-api:0] starting in -fork mode-
2020-06-08T22:06:43: PM2 log: App [mi-api:0] online
2020-06-08T22:17:35: PM2 log: App [mi-api:0] exited with code [1] via signal [SIGINT]
2020-06-08T22:17:35: PM2 log: App [mi-api:0] starting in -fork mode-
2020-06-08T22:17:35: PM2 log: App [mi-api:0] online
2020-06-08T22:54:29: PM2 log: App [mi-api:0] exited with code [1] via signal [SIGINT]
2020-06-08T22:54:29: PM2 log: App [mi-api:0] starting in -fork mode-
2020-06-08T22:54:29: PM2 log: App [mi-api:0] online
2020-06-08T23:41:30: PM2 log: App [mi-api:0] exited with code [1] via signal [SIGINT]
2020-06-08T23:41:30: PM2 log: App [mi-api:0] starting in -fork mode-
2020-06-08T23:41:30: PM2 log: App [mi-api:0] online
2020-06-09T00:08:03: PM2 log: App [mi-api:0] exited with code [1] via signal [SIGINT]
2020-06-09T00:08:03: PM2 log: App [mi-api:0] starting in -fork mode-
2020-06-09T00:08:03: PM2 log: App [mi-api:0] online
2020-06-09T01:30:00: PM2 log: App [mi-api:0] exited with code [1] via signal [SIGINT]
2020-06-09T01:30:00: PM2 log: App [mi-api:0] starting in -fork mode-
2020-06-09T01:30:00: PM2 log: App [mi-api:0] online
2020-06-09T02:31:18: PM2 log: App [mi-api:0] exited with code [1] via signal [SIGINT]
2020-06-09T02:31:18: PM2 log: App [mi-api:0] starting in -fork mode-
2020-06-09T02:31:18: PM2 log: App [mi-api:0] online
2020-06-09T03:10:27: PM2 log: App [mi-api:0] exited with code [1] via signal [SIGINT]
2020-06-09T03:10:27: PM2 log: App [mi-api:0] starting in -fork mode-
2020-06-09T03:10:27: PM2 log: App [mi-api:0] online
2020-06-09T03:40:06: PM2 log: App [mi-api:0] exited with code [1] via signal [SIGINT]
2020-06-09T03:40:06: PM2 log: App [mi-api:0] starting in -fork mode-
2020-06-09T03:40:06: PM2 log: App [mi-api:0] online
2020-06-09T04:50:36: PM2 log: App [mi-api:0] exited with code [1] via signal [SIGINT]
2020-06-09T04:50:36: PM2 log: App [mi-api:0] starting in -fork mode-
2020-06-09T04:50:36: PM2 log: App [mi-api:0] online
2020-06-09T05:12:05: PM2 log: App [mi-api:0] exited with code [1] via signal [SIGINT]
2020-06-09T05:12:05: PM2 log: App [mi-api:0] starting in -fork mode-
2020-06-09T05:12:05: PM2 log: App [mi-api:0] online
2020-06-09T05:40:53: PM2 log: App [mi-api:0] exited with code [1] via signal [SIGINT]
2020-06-09T05:40:53: PM2 log: App [mi-api:0] starting in -fork mode-
2020-06-09T05:40:53: PM2 log: App [mi-api:0] online
2020-06-09T07:27:09: PM2 log: App [mi-api:0] exited with code [1] via signal [SIGINT]
2020-06-09T07:27:09: PM2 log: App [mi-api:0] starting in -fork mode-
2020-06-09T07:27:09: PM2 log: App [mi-api:0] online
2020-06-09T07:59:23: PM2 log: App [mi-api:0] exited with code [1] via signal [SIGINT]
2020-06-09T07:59:23: PM2 log: App [mi-api:0] starting in -fork mode-
2020-06-09T07:59:23: PM2 log: App [mi-api:0] online
2020-06-09T08:11:36: PM2 log: App [mi-api:0] exited with code [1] via signal [SIGINT]
2020-06-09T08:11:36: PM2 log: App [mi-api:0] starting in -fork mode-
2020-06-09T08:11:36: PM2 log: App [mi-api:0] online
2020-06-09T08:23:54: PM2 log: App [mi-api:0] exited with code [1] via signal [SIGINT]
2020-06-09T08:23:54: PM2 log: App [mi-api:0] starting in -fork mode-
2020-06-09T08:23:54: PM2 log: App [mi-api:0] online
2020-06-09T08:37:18: PM2 log: App [mi-api:0] exited with code [1] via signal [SIGINT]
2020-06-09T08:37:18: PM2 log: App [mi-api:0] starting in -fork mode-
2020-06-09T08:37:18: PM2 log: App [mi-api:0] online
2020-06-09T09:16:49: PM2 log: App [mi-api:0] exited with code [1] via signal [SIGINT]
2020-06-09T09:16:49: PM2 log: App [mi-api:0] starting in -fork mode-
2020-06-09T09:16:49: PM2 log: App [mi-api:0] online
2020-06-09T09:35:58: PM2 log: App [mi-api:0] exited with code [1] via signal [SIGINT]
2020-06-09T09:35:58: PM2 log: App [mi-api:0] starting in -fork mode-
2020-06-09T09:35:58: PM2 log: App [mi-api:0] online
2020-06-09T09:56:40: PM2 log: App [mi-api:0] exited with code [1] via signal [SIGINT]
2020-06-09T09:56:40: PM2 log: App [mi-api:0] starting in -fork mode-
2020-06-09T09:56:40: PM2 log: App [mi-api:0] online
2020-06-09T10:33:03: PM2 log: App [mi-api:0] exited with code [1] via signal [SIGINT]
2020-06-09T10:33:03: PM2 log: App [mi-api:0] starting in -fork mode-
2020-06-09T10:33:03: PM2 log: App [mi-api:0] online
2020-06-09T11:04:23: PM2 log: App [mi-api:0] exited with code [1] via signal [SIGINT]
2020-06-09T11:04:23: PM2 log: App [mi-api:0] starting in -fork mode-
2020-06-09T11:04:23: PM2 log: App [mi-api:0] online
2020-06-09T12:20:08: PM2 log: App [mi-api:0] exited with code [1] via signal [SIGINT]
2020-06-09T12:20:08: PM2 log: App [mi-api:0] starting in -fork mode-
2020-06-09T12:20:08: PM2 log: App [mi-api:0] online
2020-06-09T13:04:21: PM2 log: App [mi-api:0] exited with code [1] via signal [SIGINT]
2020-06-09T13:04:21: PM2 log: App [mi-api:0] starting in -fork mode-
2020-06-09T13:04:21: PM2 log: App [mi-api:0] online
2020-06-09T13:21:51: PM2 log: App [mi-api:0] exited with code [1] via signal [SIGINT]
2020-06-09T13:21:51: PM2 log: App [mi-api:0] starting in -fork mode-
2020-06-09T13:21:51: PM2 log: App [mi-api:0] online
2020-06-09T14:30:36: PM2 log: App [mi-api:0] exited with code [1] via signal [SIGINT]
2020-06-09T14:30:36: PM2 log: App [mi-api:0] starting in -fork mode-
2020-06-09T14:30:36: PM2 log: App [mi-api:0] online
2020-06-09T14:59:15: PM2 log: App [mi-api:0] exited with code [1] via signal [SIGINT]
2020-06-09T14:59:15: PM2 log: App [mi-api:0] starting in -fork mode-
2020-06-09T14:59:15: PM2 log: App [mi-api:0] online
2020-06-09T15:21:16: PM2 log: App [mi-api:0] exited with code [1] via signal [SIGINT]
2020-06-09T15:21:16: PM2 log: App [mi-api:0] starting in -fork mode-
2020-06-09T15:21:16: PM2 log: App [mi-api:0] online
2020-06-09T16:02:38: PM2 log: App [mi-api:0] exited with code [1] via signal [SIGINT]
2020-06-09T16:02:38: PM2 log: App [mi-api:0] starting in -fork mode-
2020-06-09T16:02:38: PM2 log: App [mi-api:0] online
2020-06-09T16:41:29: PM2 log: App [mi-api:0] exited with code [1] via signal [SIGINT]
2020-06-09T16:41:29: PM2 log: App [mi-api:0] starting in -fork mode-
2020-06-09T16:41:29: PM2 log: App [mi-api:0] online
2020-06-09T18:22:48: PM2 log: App [mi-api:0] exited with code [1] via signal [SIGINT]
2020-06-09T18:22:48: PM2 log: App [mi-api:0] starting in -fork mode-
2020-06-09T18:22:48: PM2 log: App [mi-api:0] online
2020-06-09T18:49:13: PM2 log: App [mi-api:0] exited with code [1] via signal [SIGINT]
2020-06-09T18:49:13: PM2 log: App [mi-api:0] starting in -fork mode-
2020-06-09T18:49:13: PM2 log: App [mi-api:0] online
2020-06-09T19:01:20: PM2 log: App [mi-api:0] exited with code [1] via signal [SIGINT]
2020-06-09T19:01:20: PM2 log: App [mi-api:0] starting in -fork mode-
2020-06-09T19:01:20: PM2 log: App [mi-api:0] online
2020-06-09T19:17:32: PM2 log: App [mi-api:0] exited with code [1] via signal [SIGINT]
2020-06-09T19:17:32: PM2 log: App [mi-api:0] starting in -fork mode-
2020-06-09T19:17:32: PM2 log: App [mi-api:0] online
2020-06-09T19:34:03: PM2 log: App [mi-api:0] exited with code [1] via signal [SIGINT]
2020-06-09T19:34:03: PM2 log: App [mi-api:0] starting in -fork mode-
2020-06-09T19:34:03: PM2 log: App [mi-api:0] online
2020-06-09T20:00:05: PM2 log: App [mi-api:0] exited with code [1] via signal [SIGINT]
2020-06-09T20:00:05: PM2 log: App [mi-api:0] starting in -fork mode-
2020-06-09T20:00:05: PM2 log: App [mi-api:0] online
2020-06-09T20:25:51: PM2 log: App [mi-api:0] exited with code [1] via signal [SIGINT]
2020-06-09T20:25:51: PM2 log: App [mi-api:0] starting in -fork mode-
2020-06-09T20:25:51: PM2 log: App [mi-api:0] online
2020-06-09T20:39:38: PM2 log: App [mi-api:0] exited with code [1] via signal [SIGINT]
2020-06-09T20:39:38: PM2 log: App [mi-api:0] starting in -fork mode-
2020-06-09T20:39:38: PM2 log: App [mi-api:0] online
2020-06-09T21:21:17: PM2 log: App [mi-api:0] exited with code [1] via signal [SIGINT]
2020-06-09T21:21:17: PM2 log: App [mi-api:0] starting in -fork mode-
2020-06-09T21:21:17: PM2 log: App [mi-api:0] online
2020-06-09T21:39:37: PM2 log: App [mi-api:0] exited with code [1] via signal [SIGINT]
2020-06-09T21:39:37: PM2 log: App [mi-api:0] starting in -fork mode-
2020-06-09T21:39:37: PM2 log: App [mi-api:0] online
2020-06-09T22:04:19: PM2 log: App [mi-api:0] exited with code [1] via signal [SIGINT]
2020-06-09T22:04:19: PM2 log: App [mi-api:0] starting in -fork mode-
2020-06-09T22:04:19: PM2 log: App [mi-api:0] online
2020-06-09T23:10:03: PM2 log: App [mi-api:0] exited with code [1] via signal [SIGINT]
2020-06-09T23:10:03: PM2 log: App [mi-api:0] starting in -fork mode-
2020-06-09T23:10:03: PM2 log: App [mi-api:0] online
2020-06-10T00:08:00: PM2 log: App [mi-api:0] exited with code [1] via signal [SIGINT]
2020-06-10T00:08:00: PM2 log: App [mi-api:0] starting in -fork mode-
2020-06-10T00:08:00: PM2 log: App [mi-api:0] online
2020-06-10T02:30:21: PM2 log: App [mi-api:0] exited with code [1] via signal [SIGINT]
2020-06-10T02:30:21: PM2 log: App [mi-api:0] starting in -fork mode-
2020-06-10T02:30:21: PM2 log: App [mi-api:0] online
2020-06-10T03:13:05: PM2 log: App [mi-api:0] exited with code [1] via signal [SIGINT]
2020-06-10T03:13:05: PM2 log: App [mi-api:0] starting in -fork mode-
2020-06-10T03:13:05: PM2 log: App [mi-api:0] online
2020-06-10T04:39:34: PM2 log: App [mi-api:0] exited with code [1] via signal [SIGINT]
2020-06-10T04:39:34: PM2 log: App [mi-api:0] starting in -fork mode-
2020-06-10T04:39:34: PM2 log: App [mi-api:0] online
2020-06-10T04:50:32: PM2 log: App [mi-api:0] exited with code [1] via signal [SIGINT]
2020-06-10T04:50:32: PM2 log: App [mi-api:0] starting in -fork mode-
2020-06-10T04:50:32: PM2 log: App [mi-api:0] online
2020-06-10T05:53:06: PM2 log: App [mi-api:0] exited with code [1] via signal [SIGINT]
2020-06-10T05:53:06: PM2 log: App [mi-api:0] starting in -fork mode-
2020-06-10T05:53:06: PM2 log: App [mi-api:0] online
2020-06-10T06:52:43: PM2 log: App [mi-api:0] exited with code [1] via signal [SIGINT]
2020-06-10T06:52:43: PM2 log: App [mi-api:0] starting in -fork mode-
2020-06-10T06:52:43: PM2 log: App [mi-api:0] online
2020-06-10T08:01:20: PM2 log: App [mi-api:0] exited with code [1] via signal [SIGINT]
2020-06-10T08:01:20: PM2 log: App [mi-api:0] starting in -fork mode-
2020-06-10T08:01:20: PM2 log: App [mi-api:0] online
2020-06-10T09:05:19: PM2 log: App [mi-api:0] exited with code [1] via signal [SIGINT]
2020-06-10T09:05:19: PM2 log: App [mi-api:0] starting in -fork mode-
2020-06-10T09:05:19: PM2 log: App [mi-api:0] online
2020-06-10T09:21:19: PM2 log: App [mi-api:0] exited with code [1] via signal [SIGINT]
2020-06-10T09:21:19: PM2 log: App [mi-api:0] starting in -fork mode-
2020-06-10T09:21:19: PM2 log: App [mi-api:0] online
2020-06-10T09:43:51: PM2 log: App [mi-api:0] exited with code [1] via signal [SIGINT]
2020-06-10T09:43:51: PM2 log: App [mi-api:0] starting in -fork mode-
2020-06-10T09:43:51: PM2 log: App [mi-api:0] online
2020-06-10T10:22:06: PM2 log: App [mi-api:0] exited with code [1] via signal [SIGINT]
2020-06-10T10:22:06: PM2 log: App [mi-api:0] starting in -fork mode-
2020-06-10T10:22:06: PM2 log: App [mi-api:0] online
2020-06-10T11:02:17: PM2 log: App [mi-api:0] exited with code [1] via signal [SIGINT]
2020-06-10T11:02:17: PM2 log: App [mi-api:0] starting in -fork mode-
2020-06-10T11:02:17: PM2 log: App [mi-api:0] online
2020-06-10T12:10:31: PM2 log: App [mi-api:0] exited with code [1] via signal [SIGINT]
2020-06-10T12:10:31: PM2 log: App [mi-api:0] starting in -fork mode-
2020-06-10T12:10:31: PM2 log: App [mi-api:0] online
2020-06-10T13:32:43: PM2 log: App [mi-api:0] exited with code [1] via signal [SIGINT]
2020-06-10T13:32:43: PM2 log: App [mi-api:0] starting in -fork mode-
2020-06-10T13:32:43: PM2 log: App [mi-api:0] online
2020-06-10T14:52:09: PM2 log: App [mi-api:0] exited with code [1] via signal [SIGINT]
2020-06-10T14:52:09: PM2 log: App [mi-api:0] starting in -fork mode-
2020-06-10T14:52:09: PM2 log: App [mi-api:0] online
2020-06-10T15:16:51: PM2 log: App [mi-api:0] exited with code [1] via signal [SIGINT]
2020-06-10T15:16:51: PM2 log: App [mi-api:0] starting in -fork mode-
2020-06-10T15:16:51: PM2 log: App [mi-api:0] online
2020-06-10T15:49:40: PM2 log: App [mi-api:0] exited with code [1] via signal [SIGINT]
2020-06-10T15:49:40: PM2 log: App [mi-api:0] starting in -fork mode-
2020-06-10T15:49:40: PM2 log: App [mi-api:0] online
2020-06-10T16:22:19: PM2 log: App [mi-api:0] exited with code [1] via signal [SIGINT]
2020-06-10T16:22:19: PM2 log: App [mi-api:0] starting in -fork mode-
2020-06-10T16:22:19: PM2 log: App [mi-api:0] online
2020-06-10T16:34:46: PM2 log: App [mi-api:0] exited with code [1] via signal [SIGINT]
2020-06-10T16:34:46: PM2 log: App [mi-api:0] starting in -fork mode-
2020-06-10T16:34:46: PM2 log: App [mi-api:0] online
2020-06-10T17:04:52: PM2 log: App [mi-api:0] exited with code [1] via signal [SIGINT]
2020-06-10T17:04:52: PM2 log: App [mi-api:0] starting in -fork mode-
2020-06-10T17:04:52: PM2 log: App [mi-api:0] online
2020-06-10T17:40:08: PM2 log: App [mi-api:0] exited with code [1] via signal [SIGINT]
2020-06-10T17:40:08: PM2 log: App [mi-api:0] starting in -fork mode-
2020-06-10T17:40:08: PM2 log: App [mi-api:0] online
2020-06-10T18:11:02: PM2 log: App [mi-api:0] exited with code [1] via signal [SIGINT]
2020-06-10T18:11:02: PM2 log: App [mi-api:0] starting in -fork mode-
2020-06-10T18:11:02: PM2 log: App [mi-api:0] online
2020-06-10T18:24:56: PM2 log: App [mi-api:0] exited with code [1] via signal [SIGINT]
2020-06-10T18:24:56: PM2 log: App [mi-api:0] starting in -fork mode-
2020-06-10T18:24:56: PM2 log: App [mi-api:0] online
2020-06-10T21:00:20: PM2 log: App [mi-api:0] exited with code [1] via signal [SIGINT]
2020-06-10T21:00:20: PM2 log: App [mi-api:0] starting in -fork mode-
2020-06-10T21:00:20: PM2 log: App [mi-api:0] online
2020-06-10T21:29:21: PM2 log: App [mi-api:0] exited with code [1] via signal [SIGINT]
2020-06-10T21:29:21: PM2 log: App [mi-api:0] starting in -fork mode-
2020-06-10T21:29:21: PM2 log: App [mi-api:0] online
2020-06-10T21:55:30: PM2 log: App [mi-api:0] exited with code [1] via signal [SIGINT]
2020-06-10T21:55:30: PM2 log: App [mi-api:0] starting in -fork mode-
2020-06-10T21:55:30: PM2 log: App [mi-api:0] online
2020-06-10T22:09:04: PM2 log: App [mi-api:0] exited with code [1] via signal [SIGINT]
2020-06-10T22:09:04: PM2 log: App [mi-api:0] starting in -fork mode-
2020-06-10T22:09:04: PM2 log: App [mi-api:0] online
2020-06-10T23:52:26: PM2 log: App [mi-api:0] exited with code [1] via signal [SIGINT]
2020-06-10T23:52:26: PM2 log: App [mi-api:0] starting in -fork mode-
2020-06-10T23:52:26: PM2 log: App [mi-api:0] online
2020-06-11T00:15:10: PM2 log: App [mi-api:0] exited with code [1] via signal [SIGINT]
2020-06-11T00:15:10: PM2 log: App [mi-api:0] starting in -fork mode-
2020-06-11T00:15:10: PM2 log: App [mi-api:0] online
2020-06-11T00:42:59: PM2 log: App [mi-api:0] exited with code [1] via signal [SIGINT]
2020-06-11T00:42:59: PM2 log: App [mi-api:0] starting in -fork mode-
2020-06-11T00:42:59: PM2 log: App [mi-api:0] online
2020-06-11T01:41:10: PM2 log: App [mi-api:0] exited with code [1] via signal [SIGINT]
2020-06-11T01:41:10: PM2 log: App [mi-api:0] starting in -fork mode-
2020-06-11T01:41:10: PM2 log: App [mi-api:0] online
2020-06-11T02:24:55: PM2 log: App [mi-api:0] exited with code [1] via signal [SIGINT]
2020-06-11T02:24:55: PM2 log: App [mi-api:0] starting in -fork mode-
2020-06-11T02:24:55: PM2 log: App [mi-api:0] online
2020-06-11T02:47:12: PM2 log: App [mi-api:0] exited with code [1] via signal [SIGINT]
2020-06-11T02:47:12: PM2 log: App [mi-api:0] starting in -fork mode-
2020-06-11T02:47:12: PM2 log: App [mi-api:0] online
2020-06-11T03:23:35: PM2 log: App [mi-api:0] exited with code [1] via signal [SIGINT]
2020-06-11T03:23:35: PM2 log: App [mi-api:0] starting in -fork mode-
2020-06-11T03:23:35: PM2 log: App [mi-api:0] online
2020-06-11T03:38:30: PM2 log: App [mi-api:0] exited with code [1] via signal [SIGINT]
2020-06-11T03:38:30: PM2 log: App [mi-api:0] starting in -fork mode-
2020-06-11T03:38:30: PM2 log: App [mi-api:0] online
2020-06-11T04:26:25: PM2 log: App [mi-api:0] exited with code [1] via signal [SIGINT]
2020-06-11T04:26:25: PM2 log: App [mi-api:0] starting in -fork mode-
2020-06-11T04:26:25: PM2 log: App [mi-api:0] online
2020-06-11T04:42:24: PM2 log: App [mi-api:0] exited with code [1] via signal [SIGINT]
2020-06-11T04:42:24: PM2 log: App [mi-api:0] starting in -fork mode-
2020-06-11T04:42:24: PM2 log: App [mi-api:0] online
2020-06-11T04:56:34: PM2 log: App [mi-api:0] exited with code [1] via signal [SIGINT]
2020-06-11T04:56:34: PM2 log: App [mi-api:0] starting in -fork mode-
2020-06-11T04:56:34: PM2 log: App [mi-api:0] online
2020-06-11T05:30:28: PM2 log: App [mi-api:0] exited with code [1] via signal [SIGINT]
2020-06-11T05:30:28: PM2 log: App [mi-api:0] starting in -fork mode-
2020-06-11T05:30:28: PM2 log: App [mi-api:0] online
2020-06-11T05:47:12: PM2 log: App [mi-api:0] exited with code [1] via signal [SIGINT]
2020-06-11T05:47:12: PM2 log: App [mi-api:0] starting in -fork mode-
2020-06-11T05:47:12: PM2 log: App [mi-api:0] online
2020-06-11T06:16:26: PM2 log: App [mi-api:0] exited with code [1] via signal [SIGINT]
2020-06-11T06:16:26: PM2 log: App [mi-api:0] starting in -fork mode-
2020-06-11T06:16:26: PM2 log: App [mi-api:0] online
2020-06-11T07:10:02: PM2 log: App [mi-api:0] exited with code [1] via signal [SIGINT]
2020-06-11T07:10:02: PM2 log: App [mi-api:0] starting in -fork mode-
2020-06-11T07:10:02: PM2 log: App [mi-api:0] online
2020-06-11T07:25:23: PM2 log: App [mi-api:0] exited with code [1] via signal [SIGINT]
2020-06-11T07:25:23: PM2 log: App [mi-api:0] starting in -fork mode-
2020-06-11T07:25:23: PM2 log: App [mi-api:0] online
2020-06-11T07:52:35: PM2 log: App [mi-api:0] exited with code [1] via signal [SIGINT]
2020-06-11T07:52:35: PM2 log: App [mi-api:0] starting in -fork mode-
2020-06-11T07:52:35: PM2 log: App [mi-api:0] online
2020-06-11T08:34:28: PM2 log: App [mi-api:0] exited with code [1] via signal [SIGINT]
2020-06-11T08:34:28: PM2 log: App [mi-api:0] starting in -fork mode-
2020-06-11T08:34:28: PM2 log: App [mi-api:0] online
2020-06-11T11:06:05: PM2 log: App [mi-api:0] exited with code [1] via signal [SIGINT]
2020-06-11T11:06:05: PM2 log: App [mi-api:0] starting in -fork mode-
2020-06-11T11:06:05: PM2 log: App [mi-api:0] online
2020-06-11T11:25:21: PM2 log: App [mi-api:0] exited with code [1] via signal [SIGINT]
2020-06-11T11:25:21: PM2 log: App [mi-api:0] starting in -fork mode-
2020-06-11T11:25:21: PM2 log: App [mi-api:0] online
2020-06-11T12:20:30: PM2 log: App [mi-api:0] exited with code [1] via signal [SIGINT]
2020-06-11T12:20:30: PM2 log: App [mi-api:0] starting in -fork mode-
2020-06-11T12:20:30: PM2 log: App [mi-api:0] online
2020-06-11T12:40:07: PM2 log: App [mi-api:0] exited with code [1] via signal [SIGINT]
2020-06-11T12:40:07: PM2 log: App [mi-api:0] starting in -fork mode-
2020-06-11T12:40:07: PM2 log: App [mi-api:0] online
2020-06-11T14:56:44: PM2 log: App [mi-api:0] exited with code [1] via signal [SIGINT]
2020-06-11T14:56:44: PM2 log: App [mi-api:0] starting in -fork mode-
2020-06-11T14:56:44: PM2 log: App [mi-api:0] online
2020-06-11T15:36:25: PM2 log: App [mi-api:0] exited with code [1] via signal [SIGINT]
2020-06-11T15:36:25: PM2 log: App [mi-api:0] starting in -fork mode-
2020-06-11T15:36:25: PM2 log: App [mi-api:0] online
2020-06-11T15:50:53: PM2 log: App [mi-api:0] exited with code [1] via signal [SIGINT]
2020-06-11T15:50:53: PM2 log: App [mi-api:0] starting in -fork mode-
2020-06-11T15:50:53: PM2 log: App [mi-api:0] online
2020-06-11T16:45:58: PM2 log: App [mi-api:0] exited with code [1] via signal [SIGINT]
2020-06-11T16:45:58: PM2 log: App [mi-api:0] starting in -fork mode-
2020-06-11T16:45:58: PM2 log: App [mi-api:0] online
2020-06-11T18:49:05: PM2 log: App [mi-api:0] exited with code [1] via signal [SIGINT]
2020-06-11T18:49:05: PM2 log: App [mi-api:0] starting in -fork mode-
2020-06-11T18:49:05: PM2 log: App [mi-api:0] online
2020-06-11T20:09:08: PM2 log: App [mi-api:0] exited with code [1] via signal [SIGINT]
2020-06-11T20:09:08: PM2 log: App [mi-api:0] starting in -fork mode-
2020-06-11T20:09:08: PM2 log: App [mi-api:0] online
2020-06-11T20:22:45: PM2 log: App [mi-api:0] exited with code [1] via signal [SIGINT]
2020-06-11T20:22:45: PM2 log: App [mi-api:0] starting in -fork mode-
2020-06-11T20:22:45: PM2 log: App [mi-api:0] online
2020-06-11T21:08:07: PM2 log: App [mi-api:0] exited with code [1] via signal [SIGINT]
2020-06-11T21:08:07: PM2 log: App [mi-api:0] starting in -fork mode-
2020-06-11T21:08:07: PM2 log: App [mi-api:0] online
2020-06-11T22:21:27: PM2 log: App [mi-api:0] exited with code [1] via signal [SIGINT]
2020-06-11T22:21:27: PM2 log: App [mi-api:0] starting in -fork mode-
2020-06-11T22:21:27: PM2 log: App [mi-api:0] online
2020-06-11T22:43:44: PM2 log: App [mi-api:0] exited with code [1] via signal [SIGINT]
2020-06-11T22:43:44: PM2 log: App [mi-api:0] starting in -fork mode-
2020-06-11T22:43:44: PM2 log: App [mi-api:0] online
2020-06-11T23:06:04: PM2 log: App [mi-api:0] exited with code [1] via signal [SIGINT]
2020-06-11T23:06:04: PM2 log: App [mi-api:0] starting in -fork mode-
2020-06-11T23:06:04: PM2 log: App [mi-api:0] online
2020-06-11T23:17:07: PM2 log: App [mi-api:0] exited with code [1] via signal [SIGINT]
2020-06-11T23:17:07: PM2 log: App [mi-api:0] starting in -fork mode-
2020-06-11T23:17:07: PM2 log: App [mi-api:0] online
2020-06-12T00:01:28: PM2 log: App [mi-api:0] exited with code [1] via signal [SIGINT]
2020-06-12T00:01:28: PM2 log: App [mi-api:0] starting in -fork mode-
2020-06-12T00:01:28: PM2 log: App [mi-api:0] online
2020-06-12T00:57:02: PM2 log: App [mi-api:0] exited with code [1] via signal [SIGINT]
2020-06-12T00:57:02: PM2 log: App [mi-api:0] starting in -fork mode-
2020-06-12T00:57:02: PM2 log: App [mi-api:0] online
2020-06-12T01:32:33: PM2 log: App [mi-api:0] exited with code [1] via signal [SIGINT]
2020-06-12T01:32:33: PM2 log: App [mi-api:0] starting in -fork mode-
2020-06-12T01:32:33: PM2 log: App [mi-api:0] online
2020-06-12T01:58:28: PM2 log: App [mi-api:0] exited with code [1] via signal [SIGINT]
2020-06-12T01:58:28: PM2 log: App [mi-api:0] starting in -fork mode-
2020-06-12T01:58:28: PM2 log: App [mi-api:0] online
2020-06-12T02:20:08: PM2 log: App [mi-api:0] exited with code [1] via signal [SIGINT]
2020-06-12T02:20:08: PM2 log: App [mi-api:0] starting in -fork mode-
2020-06-12T02:20:08: PM2 log: App [mi-api:0] online
2020-06-12T05:28:31: PM2 log: App [mi-api:0] exited with code [1] via signal [SIGINT]
2020-06-12T05:28:31: PM2 log: App [mi-api:0] starting in -fork mode-
2020-06-12T05:28:31: PM2 log: App [mi-api:0] online
2020-06-12T06:01:30: PM2 log: App [mi-api:0] exited with code [1] via signal [SIGINT]
2020-06-12T06:01:30: PM2 log: App [mi-api:0] starting in -fork mode-
2020-06-12T06:01:30: PM2 log: App [mi-api:0] online
2020-06-12T06:18:55: PM2 log: App [mi-api:0] exited with code [1] via signal [SIGINT]
2020-06-12T06:18:55: PM2 log: App [mi-api:0] starting in -fork mode-
2020-06-12T06:18:55: PM2 log: App [mi-api:0] online
2020-06-12T06:29:35: PM2 log: App [mi-api:0] exited with code [1] via signal [SIGINT]
2020-06-12T06:29:35: PM2 log: App [mi-api:0] starting in -fork mode-
2020-06-12T06:29:35: PM2 log: App [mi-api:0] online
2020-06-12T06:59:05: PM2 log: App [mi-api:0] exited with code [1] via signal [SIGINT]
2020-06-12T06:59:05: PM2 log: App [mi-api:0] starting in -fork mode-
2020-06-12T06:59:05: PM2 log: App [mi-api:0] online
2020-06-12T08:37:02: PM2 log: App [mi-api:0] exited with code [1] via signal [SIGINT]
2020-06-12T08:37:02: PM2 log: App [mi-api:0] starting in -fork mode-
2020-06-12T08:37:02: PM2 log: App [mi-api:0] online
2020-06-12T09:19:43: PM2 log: App [mi-api:0] exited with code [1] via signal [SIGINT]
2020-06-12T09:19:43: PM2 log: App [mi-api:0] starting in -fork mode-
2020-06-12T09:19:43: PM2 log: App [mi-api:0] online
2020-06-12T10:03:54: PM2 log: App [mi-api:0] exited with code [1] via signal [SIGINT]
2020-06-12T10:03:54: PM2 log: App [mi-api:0] starting in -fork mode-
2020-06-12T10:03:54: PM2 log: App [mi-api:0] online
2020-06-12T10:34:36: PM2 log: App [mi-api:0] exited with code [1] via signal [SIGINT]
2020-06-12T10:34:36: PM2 log: App [mi-api:0] starting in -fork mode-
2020-06-12T10:34:36: PM2 log: App [mi-api:0] online
2020-06-12T11:22:53: PM2 log: App [mi-api:0] exited with code [1] via signal [SIGINT]
2020-06-12T11:22:53: PM2 log: App [mi-api:0] starting in -fork mode-
2020-06-12T11:22:53: PM2 log: App [mi-api:0] online
2020-06-12T12:16:40: PM2 log: App [mi-api:0] exited with code [1] via signal [SIGINT]
2020-06-12T12:16:40: PM2 log: App [mi-api:0] starting in -fork mode-
2020-06-12T12:16:40: PM2 log: App [mi-api:0] online
2020-06-12T12:55:01: PM2 log: App [mi-api:0] exited with code [1] via signal [SIGINT]
2020-06-12T12:55:01: PM2 log: App [mi-api:0] starting in -fork mode-
2020-06-12T12:55:01: PM2 log: App [mi-api:0] online
2020-06-12T13:57:08: PM2 log: App [mi-api:0] exited with code [1] via signal [SIGINT]
2020-06-12T13:57:08: PM2 log: App [mi-api:0] starting in -fork mode-
2020-06-12T13:57:08: PM2 log: App [mi-api:0] online
2020-06-12T15:00:10: PM2 log: App [mi-api:0] exited with code [1] via signal [SIGINT]
2020-06-12T15:00:10: PM2 log: App [mi-api:0] starting in -fork mode-
2020-06-12T15:00:10: PM2 log: App [mi-api:0] online
2020-06-12T15:42:56: PM2 log: App [mi-api:0] exited with code [1] via signal [SIGINT]
2020-06-12T15:42:56: PM2 log: App [mi-api:0] starting in -fork mode-
2020-06-12T15:42:56: PM2 log: App [mi-api:0] online
2020-06-12T15:56:06: PM2 log: App [mi-api:0] exited with code [1] via signal [SIGINT]
2020-06-12T15:56:06: PM2 log: App [mi-api:0] starting in -fork mode-
2020-06-12T15:56:06: PM2 log: App [mi-api:0] online
2020-06-12T16:17:22: PM2 log: App [mi-api:0] exited with code [1] via signal [SIGINT]
2020-06-12T16:17:22: PM2 log: App [mi-api:0] starting in -fork mode-
2020-06-12T16:17:22: PM2 log: App [mi-api:0] online
2020-06-12T16:42:36: PM2 log: App [mi-api:0] exited with code [1] via signal [SIGINT]
2020-06-12T16:42:36: PM2 log: App [mi-api:0] starting in -fork mode-
2020-06-12T16:42:36: PM2 log: App [mi-api:0] online
2020-06-12T16:53:53: PM2 log: App [mi-api:0] exited with code [1] via signal [SIGINT]
2020-06-12T16:53:53: PM2 log: App [mi-api:0] starting in -fork mode-
2020-06-12T16:53:53: PM2 log: App [mi-api:0] online
2020-06-12T19:22:58: PM2 log: App [mi-api:0] exited with code [1] via signal [SIGINT]
2020-06-12T19:22:58: PM2 log: App [mi-api:0] starting in -fork mode-
2020-06-12T19:22:58: PM2 log: App [mi-api:0] online
2020-06-12T20:53:57: PM2 log: App [mi-api:0] exited with code [1] via signal [SIGINT]
2020-06-12T20:53:57: PM2 log: App [mi-api:0] starting in -fork mode-
2020-06-12T20:53:57: PM2 log: App [mi-api:0] online
2020-06-12T21:22:12: PM2 log: App [mi-api:0] exited with code [1] via signal [SIGINT]
2020-06-12T21:22:12: PM2 log: App [mi-api:0] starting in -fork mode-
2020-06-12T21:22:12: PM2 log: App [mi-api:0] online
2020-06-12T22:14:07: PM2 log: App [mi-api:0] exited with code [1] via signal [SIGINT]
2020-06-12T22:14:07: PM2 log: App [mi-api:0] starting in -fork mode-
2020-06-12T22:14:07: PM2 log: App [mi-api:0] online
2020-06-12T23:00:24: PM2 log: App [mi-api:0] exited with code [1] via signal [SIGINT]
2020-06-12T23:00:24: PM2 log: App [mi-api:0] starting in -fork mode-
2020-06-12T23:00:24: PM2 log: App [mi-api:0] online
2020-06-13T01:16:33: PM2 log: App [mi-api:0] exited with code [1] via signal [SIGINT]
2020-06-13T01:16:33: PM2 log: App [mi-api:0] starting in -fork mode-
2020-06-13T01:16:33: PM2 log: App [mi-api:0] online
2020-06-13T01:50:31: PM2 log: App [mi-api:0] exited with code [1] via signal [SIGINT]
2020-06-13T01:50:31: PM2 log: App [mi-api:0] starting in -fork mode-
2020-06-13T01:50:31: PM2 log: App [mi-api:0] online
2020-06-13T05:00:55: PM2 log: App [mi-api:0] exited with code [1] via signal [SIGINT]
2020-06-13T05:00:55: PM2 log: App [mi-api:0] starting in -fork mode-
2020-06-13T05:00:55: PM2 log: App [mi-api:0] online
2020-06-13T05:58:21: PM2 log: App [mi-api:0] exited with code [1] via signal [SIGINT]
2020-06-13T05:58:21: PM2 log: App [mi-api:0] starting in -fork mode-
2020-06-13T05:58:21: PM2 log: App [mi-api:0] online
2020-06-13T06:42:40: PM2 log: App [mi-api:0] exited with code [1] via signal [SIGINT]
2020-06-13T06:42:40: PM2 log: App [mi-api:0] starting in -fork mode-
2020-06-13T06:42:40: PM2 log: App [mi-api:0] online
2020-06-13T07:13:48: PM2 log: App [mi-api:0] exited with code [1] via signal [SIGINT]
2020-06-13T07:13:48: PM2 log: App [mi-api:0] starting in -fork mode-
2020-06-13T07:13:48: PM2 log: App [mi-api:0] online
2020-06-13T07:25:52: PM2 log: App [mi-api:0] exited with code [1] via signal [SIGINT]
2020-06-13T07:25:52: PM2 log: App [mi-api:0] starting in -fork mode-
2020-06-13T07:25:52: PM2 log: App [mi-api:0] online
2020-06-13T07:47:28: PM2 log: App [mi-api:0] exited with code [1] via signal [SIGINT]
2020-06-13T07:47:28: PM2 log: App [mi-api:0] starting in -fork mode-
2020-06-13T07:47:28: PM2 log: App [mi-api:0] online
2020-06-13T08:23:10: PM2 log: App [mi-api:0] exited with code [1] via signal [SIGINT]
2020-06-13T08:23:10: PM2 log: App [mi-api:0] starting in -fork mode-
2020-06-13T08:23:10: PM2 log: App [mi-api:0] online
2020-06-13T09:56:34: PM2 log: App [mi-api:0] exited with code [1] via signal [SIGINT]
2020-06-13T09:56:34: PM2 log: App [mi-api:0] starting in -fork mode-
2020-06-13T09:56:34: PM2 log: App [mi-api:0] online
2020-06-13T10:19:23: PM2 log: App [mi-api:0] exited with code [1] via signal [SIGINT]
2020-06-13T10:19:23: PM2 log: App [mi-api:0] starting in -fork mode-
2020-06-13T10:19:23: PM2 log: App [mi-api:0] online
2020-06-13T10:41:15: PM2 log: App [mi-api:0] exited with code [1] via signal [SIGINT]
2020-06-13T10:41:15: PM2 log: App [mi-api:0] starting in -fork mode-
2020-06-13T10:41:15: PM2 log: App [mi-api:0] online
2020-06-13T11:27:12: PM2 log: App [mi-api:0] exited with code [1] via signal [SIGINT]
2020-06-13T11:27:12: PM2 log: App [mi-api:0] starting in -fork mode-
2020-06-13T11:27:12: PM2 log: App [mi-api:0] online
2020-06-13T12:15:48: PM2 log: App [mi-api:0] exited with code [1] via signal [SIGINT]
2020-06-13T12:15:48: PM2 log: App [mi-api:0] starting in -fork mode-
2020-06-13T12:15:48: PM2 log: App [mi-api:0] online
2020-06-13T12:49:30: PM2 log: App [mi-api:0] exited with code [1] via signal [SIGINT]
2020-06-13T12:49:30: PM2 log: App [mi-api:0] starting in -fork mode-
2020-06-13T12:49:30: PM2 log: App [mi-api:0] online
2020-06-13T13:53:52: PM2 log: App [mi-api:0] exited with code [1] via signal [SIGINT]
2020-06-13T13:53:52: PM2 log: App [mi-api:0] starting in -fork mode-
2020-06-13T13:53:52: PM2 log: App [mi-api:0] online
2020-06-13T15:07:30: PM2 log: App [mi-api:0] exited with code [1] via signal [SIGINT]
2020-06-13T15:07:30: PM2 log: App [mi-api:0] starting in -fork mode-
2020-06-13T15:07:30: PM2 log: App [mi-api:0] online
2020-06-13T15:26:42: PM2 log: App [mi-api:0] exited with code [1] via signal [SIGINT]
2020-06-13T15:26:42: PM2 log: App [mi-api:0] starting in -fork mode-
2020-06-13T15:26:42: PM2 log: App [mi-api:0] online
2020-06-13T15:48:53: PM2 log: App [mi-api:0] exited with code [1] via signal [SIGINT]
2020-06-13T15:48:53: PM2 log: App [mi-api:0] starting in -fork mode-
2020-06-13T15:48:53: PM2 log: App [mi-api:0] online
2020-06-13T17:31:58: PM2 log: App [mi-api:0] exited with code [1] via signal [SIGINT]
2020-06-13T17:31:58: PM2 log: App [mi-api:0] starting in -fork mode-
2020-06-13T17:31:58: PM2 log: App [mi-api:0] online
2020-06-13T17:46:37: PM2 log: App [mi-api:0] exited with code [1] via signal [SIGINT]
2020-06-13T17:46:37: PM2 log: App [mi-api:0] starting in -fork mode-
2020-06-13T17:46:37: PM2 log: App [mi-api:0] online
2020-06-13T18:14:25: PM2 log: App [mi-api:0] exited with code [1] via signal [SIGINT]
2020-06-13T18:14:25: PM2 log: App [mi-api:0] starting in -fork mode-
2020-06-13T18:14:25: PM2 log: App [mi-api:0] online
2020-06-13T19:39:25: PM2 log: App [mi-api:0] exited with code [1] via signal [SIGINT]
2020-06-13T19:39:25: PM2 log: App [mi-api:0] starting in -fork mode-
2020-06-13T19:39:25: PM2 log: App [mi-api:0] online
2020-06-13T21:09:02: PM2 log: App [mi-api:0] exited with code [1] via signal [SIGINT]
2020-06-13T21:09:02: PM2 log: App [mi-api:0] starting in -fork mode-
2020-06-13T21:09:02: PM2 log: App [mi-api:0] online
2020-06-13T21:38:42: PM2 log: App [mi-api:0] exited with code [1] via signal [SIGINT]
2020-06-13T21:38:42: PM2 log: App [mi-api:0] starting in -fork mode-
2020-06-13T21:38:42: PM2 log: App [mi-api:0] online
2020-06-13T22:12:01: PM2 log: App [mi-api:0] exited with code [1] via signal [SIGINT]
2020-06-13T22:12:01: PM2 log: App [mi-api:0] starting in -fork mode-
2020-06-13T22:12:01: PM2 log: App [mi-api:0] online
2020-06-13T22:52:39: PM2 log: App [mi-api:0] exited with code [1] via signal [SIGINT]
2020-06-13T22:52:39: PM2 log: App [mi-api:0] starting in -fork mode-
2020-06-13T22:52:39: PM2 log: App [mi-api:0] online
2020-06-13T23:42:41: PM2 log: App [mi-api:0] exited with code [1] via signal [SIGINT]
2020-06-13T23:42:41: PM2 log: App [mi-api:0] starting in -fork mode-
2020-06-13T23:42:41: PM2 log: App [mi-api:0] online
2020-06-14T00:12:42: PM2 log: App [mi-api:0] exited with code [1] via signal [SIGINT]
2020-06-14T00:12:42: PM2 log: App [mi-api:0] starting in -fork mode-
2020-06-14T00:12:42: PM2 log: App [mi-api:0] online
2020-06-14T00:54:00: PM2 log: App [mi-api:0] exited with code [1] via signal [SIGINT]
2020-06-14T00:54:00: PM2 log: App [mi-api:0] starting in -fork mode-
2020-06-14T00:54:00: PM2 log: App [mi-api:0] online
2020-06-14T02:05:42: PM2 log: App [mi-api:0] exited with code [1] via signal [SIGINT]
2020-06-14T02:05:42: PM2 log: App [mi-api:0] starting in -fork mode-
2020-06-14T02:05:42: PM2 log: App [mi-api:0] online
2020-06-14T02:30:43: PM2 log: App [mi-api:0] exited with code [1] via signal [SIGINT]
2020-06-14T02:30:43: PM2 log: App [mi-api:0] starting in -fork mode-
2020-06-14T02:30:43: PM2 log: App [mi-api:0] online
2020-06-14T03:57:05: PM2 log: App [mi-api:0] exited with code [1] via signal [SIGINT]
2020-06-14T03:57:05: PM2 log: App [mi-api:0] starting in -fork mode-
2020-06-14T03:57:05: PM2 log: App [mi-api:0] online
2020-06-14T04:52:44: PM2 log: App [mi-api:0] exited with code [1] via signal [SIGINT]
2020-06-14T04:52:44: PM2 log: App [mi-api:0] starting in -fork mode-
2020-06-14T04:52:44: PM2 log: App [mi-api:0] online
2020-06-14T06:13:01: PM2 log: App [mi-api:0] exited with code [1] via signal [SIGINT]
2020-06-14T06:13:01: PM2 log: App [mi-api:0] starting in -fork mode-
2020-06-14T06:13:01: PM2 log: App [mi-api:0] online
2020-06-14T07:49:47: PM2 log: App [mi-api:0] exited with code [1] via signal [SIGINT]
2020-06-14T07:49:47: PM2 log: App [mi-api:0] starting in -fork mode-
2020-06-14T07:49:47: PM2 log: App [mi-api:0] online
2020-06-14T08:33:50: PM2 log: App [mi-api:0] exited with code [1] via signal [SIGINT]
2020-06-14T08:33:50: PM2 log: App [mi-api:0] starting in -fork mode-
2020-06-14T08:33:50: PM2 log: App [mi-api:0] online
2020-06-14T11:09:31: PM2 log: App [mi-api:0] exited with code [1] via signal [SIGINT]
2020-06-14T11:09:31: PM2 log: App [mi-api:0] starting in -fork mode-
2020-06-14T11:09:31: PM2 log: App [mi-api:0] online
2020-06-14T11:21:08: PM2 log: App [mi-api:0] exited with code [1] via signal [SIGINT]
2020-06-14T11:21:08: PM2 log: App [mi-api:0] starting in -fork mode-
2020-06-14T11:21:08: PM2 log: App [mi-api:0] online
2020-06-14T12:44:26: PM2 log: App [mi-api:0] exited with code [1] via signal [SIGINT]
2020-06-14T12:44:26: PM2 log: App [mi-api:0] starting in -fork mode-
2020-06-14T12:44:26: PM2 log: App [mi-api:0] online
2020-06-14T13:18:22: PM2 log: App [mi-api:0] exited with code [1] via signal [SIGINT]
2020-06-14T13:18:22: PM2 log: App [mi-api:0] starting in -fork mode-
2020-06-14T13:18:22: PM2 log: App [mi-api:0] online
2020-06-14T13:38:55: PM2 log: App [mi-api:0] exited with code [1] via signal [SIGINT]
2020-06-14T13:38:55: PM2 log: App [mi-api:0] starting in -fork mode-
2020-06-14T13:38:55: PM2 log: App [mi-api:0] online
2020-06-14T14:06:26: PM2 log: App [mi-api:0] exited with code [1] via signal [SIGINT]
2020-06-14T14:06:26: PM2 log: App [mi-api:0] starting in -fork mode-
2020-06-14T14:06:26: PM2 log: App [mi-api:0] online
2020-06-14T14:24:37: PM2 log: App [mi-api:0] exited with code [1] via signal [SIGINT]
2020-06-14T14:24:37: PM2 log: App [mi-api:0] starting in -fork mode-
2020-06-14T14:24:37: PM2 log: App [mi-api:0] online
2020-06-14T14:55:33: PM2 log: App [mi-api:0] exited with code [1] via signal [SIGINT]
2020-06-14T14:55:33: PM2 log: App [mi-api:0] starting in -fork mode-
2020-06-14T14:55:33: PM2 log: App [mi-api:0] online
2020-06-14T17:05:25: PM2 log: App [mi-api:0] exited with code [1] via signal [SIGINT]
2020-06-14T17:05:25: PM2 log: App [mi-api:0] starting in -fork mode-
2020-06-14T17:05:25: PM2 log: App [mi-api:0] online
2020-06-14T18:10:50: PM2 log: App [mi-api:0] exited with code [1] via signal [SIGINT]
2020-06-14T18:10:50: PM2 log: App [mi-api:0] starting in -fork mode-
2020-06-14T18:10:50: PM2 log: App [mi-api:0] online
2020-06-14T18:27:45: PM2 log: App [mi-api:0] exited with code [1] via signal [SIGINT]
2020-06-14T18:27:45: PM2 log: App [mi-api:0] starting in -fork mode-
2020-06-14T18:27:45: PM2 log: App [mi-api:0] online
2020-06-14T19:23:30: PM2 log: App [mi-api:0] exited with code [1] via signal [SIGINT]
2020-06-14T19:23:30: PM2 log: App [mi-api:0] starting in -fork mode-
2020-06-14T19:23:30: PM2 log: App [mi-api:0] online
2020-06-14T19:53:00: PM2 log: App [mi-api:0] exited with code [1] via signal [SIGINT]
2020-06-14T19:53:00: PM2 log: App [mi-api:0] starting in -fork mode-
2020-06-14T19:53:00: PM2 log: App [mi-api:0] online
2020-06-14T20:10:43: PM2 log: App [mi-api:0] exited with code [1] via signal [SIGINT]
2020-06-14T20:10:43: PM2 log: App [mi-api:0] starting in -fork mode-
2020-06-14T20:10:43: PM2 log: App [mi-api:0] online
2020-06-14T20:39:48: PM2 log: App [mi-api:0] exited with code [1] via signal [SIGINT]
2020-06-14T20:39:48: PM2 log: App [mi-api:0] starting in -fork mode-
2020-06-14T20:39:48: PM2 log: App [mi-api:0] online
2020-06-14T20:52:35: PM2 log: App [mi-api:0] exited with code [1] via signal [SIGINT]
2020-06-14T20:52:35: PM2 log: App [mi-api:0] starting in -fork mode-
2020-06-14T20:52:35: PM2 log: App [mi-api:0] online
2020-06-14T21:53:25: PM2 log: App [mi-api:0] exited with code [1] via signal [SIGINT]
2020-06-14T21:53:25: PM2 log: App [mi-api:0] starting in -fork mode-
2020-06-14T21:53:25: PM2 log: App [mi-api:0] online
2020-06-14T22:19:09: PM2 log: App [mi-api:0] exited with code [1] via signal [SIGINT]
2020-06-14T22:19:09: PM2 log: App [mi-api:0] starting in -fork mode-
2020-06-14T22:19:09: PM2 log: App [mi-api:0] online
2020-06-14T22:52:17: PM2 log: App [mi-api:0] exited with code [1] via signal [SIGINT]
2020-06-14T22:52:17: PM2 log: App [mi-api:0] starting in -fork mode-
2020-06-14T22:52:17: PM2 log: App [mi-api:0] online
2020-06-14T23:24:13: PM2 log: App [mi-api:0] exited with code [1] via signal [SIGINT]
2020-06-14T23:24:13: PM2 log: App [mi-api:0] starting in -fork mode-
2020-06-14T23:24:13: PM2 log: App [mi-api:0] online
2020-06-14T23:49:02: PM2 log: App [mi-api:0] exited with code [1] via signal [SIGINT]
2020-06-14T23:49:02: PM2 log: App [mi-api:0] starting in -fork mode-
2020-06-14T23:49:02: PM2 log: App [mi-api:0] online
2020-06-15T00:19:04: PM2 log: App [mi-api:1] starting in -fork mode-
2020-06-15T00:19:04: PM2 log: App [mi-api:1] online
2020-06-15T00:19:04: PM2 log: App [mi-api:1] exited with code [1] via signal [SIGINT]
2020-06-15T00:19:04: PM2 log: App [mi-api:1] starting in -fork mode-
2020-06-15T00:19:04: PM2 log: App [mi-api:1] online
2020-06-15T00:19:05: PM2 log: App [mi-api:1] exited with code [1] via signal [SIGINT]
2020-06-15T00:19:05: PM2 log: App [mi-api:1] starting in -fork mode-
2020-06-15T00:19:05: PM2 log: App [mi-api:1] online
2020-06-15T00:19:05: PM2 log: App [mi-api:1] exited with code [1] via signal [SIGINT]
2020-06-15T00:19:05: PM2 log: App [mi-api:1] starting in -fork mode-
2020-06-15T00:19:05: PM2 log: App [mi-api:1] online
2020-06-15T00:19:06: PM2 log: App [mi-api:1] exited with code [1] via signal [SIGINT]
2020-06-15T00:19:06: PM2 log: App [mi-api:1] starting in -fork mode-
2020-06-15T00:19:06: PM2 log: App [mi-api:1] online
2020-06-15T00:19:06: PM2 log: App [mi-api:1] exited with code [1] via signal [SIGINT]
2020-06-15T00:19:06: PM2 log: App [mi-api:1] starting in -fork mode-
2020-06-15T00:19:06: PM2 log: App [mi-api:1] online
2020-06-15T00:19:07: PM2 log: App [mi-api:1] exited with code [1] via signal [SIGINT]
2020-06-15T00:19:07: PM2 log: App [mi-api:1] starting in -fork mode-
2020-06-15T00:19:07: PM2 log: App [mi-api:1] online
2020-06-15T00:19:07: PM2 log: App [mi-api:1] exited with code [1] via signal [SIGINT]
2020-06-15T00:19:07: PM2 log: App [mi-api:1] starting in -fork mode-
2020-06-15T00:19:07: PM2 log: App [mi-api:1] online
2020-06-15T00:19:08: PM2 log: App [mi-api:1] exited with code [1] via signal [SIGINT]
2020-06-15T00:19:08: PM2 log: App [mi-api:1] starting in -fork mode-
2020-06-15T00:19:08: PM2 log: App [mi-api:1] online
2020-06-15T00:19:08: PM2 log: App [mi-api:1] exited with code [1] via signal [SIGINT]
2020-06-15T00:19:08: PM2 log: App [mi-api:1] starting in -fork mode-
2020-06-15T00:19:08: PM2 log: App [mi-api:1] online
2020-06-15T00:19:09: PM2 log: App [mi-api:1] exited with code [1] via signal [SIGINT]
2020-06-15T00:19:09: PM2 log: App [mi-api:1] starting in -fork mode-
2020-06-15T00:19:09: PM2 log: App [mi-api:1] online
2020-06-15T00:19:09: PM2 log: App [mi-api:1] exited with code [1] via signal [SIGINT]
2020-06-15T00:19:09: PM2 log: App [mi-api:1] starting in -fork mode-
2020-06-15T00:19:09: PM2 log: App [mi-api:1] online
2020-06-15T00:19:10: PM2 log: App [mi-api:1] exited with code [1] via signal [SIGINT]
2020-06-15T00:19:10: PM2 log: App [mi-api:1] starting in -fork mode-
2020-06-15T00:19:10: PM2 log: App [mi-api:1] online
2020-06-15T00:19:10: PM2 log: App [mi-api:1] exited with code [1] via signal [SIGINT]
2020-06-15T00:19:10: PM2 log: App [mi-api:1] starting in -fork mode-
2020-06-15T00:19:10: PM2 log: App [mi-api:1] online
2020-06-15T00:19:10: PM2 log: App [mi-api:1] exited with code [1] via signal [SIGINT]
2020-06-15T00:19:10: PM2 log: App [mi-api:1] starting in -fork mode-
2020-06-15T00:19:10: PM2 log: App [mi-api:1] online
2020-06-15T00:19:11: PM2 log: App [mi-api:1] exited with code [1] via signal [SIGINT]
2020-06-15T00:19:11: PM2 log: App [mi-api:1] starting in -fork mode-
2020-06-15T00:19:11: PM2 log: App [mi-api:1] online
2020-06-15T00:19:11: PM2 log: App [mi-api:1] exited with code [1] via signal [SIGINT]
2020-06-15T00:19:11: PM2 log: Script /root/node/src/index.js had too many unstable restarts (16). Stopped. "errored"
2020-06-15T00:29:56: PM2 log: App [mi-api:0] exited with code [1] via signal [SIGINT]
2020-06-15T00:29:56: PM2 log: App [mi-api:0] starting in -fork mode-
2020-06-15T00:29:56: PM2 log: App [mi-api:0] online
2020-06-15T00:36:56: PM2 log: Stopping app:mi-api id:0
2020-06-15T00:36:56: PM2 log: App [mi-api:0] exited with code [0] via signal [SIGINT]
2020-06-15T00:36:56: PM2 log: pid=11525 msg=process killed
2020-06-15T00:36:56: PM2 log: App [mi-api:0] starting in -fork mode-
2020-06-15T00:36:56: PM2 log: App [mi-api:0] online
2020-06-15T00:36:56: PM2 log: App [mi-api:1] starting in -fork mode-
2020-06-15T00:36:56: PM2 log: App [mi-api:1] online
2020-06-15T00:36:57: PM2 log: App [mi-api:1] exited with code [1] via signal [SIGINT]
2020-06-15T00:36:57: PM2 log: App [mi-api:1] starting in -fork mode-
2020-06-15T00:36:57: PM2 log: App [mi-api:1] online
2020-06-15T00:36:57: PM2 log: App [mi-api:1] exited with code [1] via signal [SIGINT]
2020-06-15T00:36:57: PM2 log: App [mi-api:1] starting in -fork mode-
2020-06-15T00:36:57: PM2 log: App [mi-api:1] online
2020-06-15T00:36:58: PM2 log: App [mi-api:1] exited with code [1] via signal [SIGINT]
2020-06-15T00:36:58: PM2 log: App [mi-api:1] starting in -fork mode-
2020-06-15T00:36:58: PM2 log: App [mi-api:1] online
2020-06-15T00:36:58: PM2 log: App [mi-api:1] exited with code [1] via signal [SIGINT]
2020-06-15T00:36:58: PM2 log: App [mi-api:1] starting in -fork mode-
2020-06-15T00:36:58: PM2 log: App [mi-api:1] online
2020-06-15T00:36:59: PM2 log: App [mi-api:1] exited with code [1] via signal [SIGINT]
2020-06-15T00:36:59: PM2 log: App [mi-api:1] starting in -fork mode-
2020-06-15T00:36:59: PM2 log: App [mi-api:1] online
2020-06-15T00:36:59: PM2 log: App [mi-api:1] exited with code [1] via signal [SIGINT]
2020-06-15T00:36:59: PM2 log: App [mi-api:1] starting in -fork mode-
2020-06-15T00:36:59: PM2 log: App [mi-api:1] online
2020-06-15T00:37:00: PM2 log: App [mi-api:1] exited with code [1] via signal [SIGINT]
2020-06-15T00:37:00: PM2 log: App [mi-api:1] starting in -fork mode-
2020-06-15T00:37:00: PM2 log: App [mi-api:1] online
2020-06-15T00:37:00: PM2 log: App [mi-api:1] exited with code [1] via signal [SIGINT]
2020-06-15T00:37:00: PM2 log: App [mi-api:1] starting in -fork mode-
2020-06-15T00:37:00: PM2 log: App [mi-api:1] online
2020-06-15T00:37:00: PM2 log: App [mi-api:1] exited with code [1] via signal [SIGINT]
2020-06-15T00:37:00: PM2 log: App [mi-api:1] starting in -fork mode-
2020-06-15T00:37:00: PM2 log: App [mi-api:1] online
2020-06-15T00:37:01: PM2 log: App [mi-api:1] exited with code [1] via signal [SIGINT]
2020-06-15T00:37:01: PM2 log: App [mi-api:1] starting in -fork mode-
2020-06-15T00:37:01: PM2 log: App [mi-api:1] online
2020-06-15T00:37:01: PM2 log: App [mi-api:1] exited with code [1] via signal [SIGINT]
2020-06-15T00:37:01: PM2 log: App [mi-api:1] starting in -fork mode-
2020-06-15T00:37:01: PM2 log: App [mi-api:1] online
2020-06-15T00:37:02: PM2 log: App [mi-api:1] exited with code [1] via signal [SIGINT]
2020-06-15T00:37:02: PM2 log: App [mi-api:1] starting in -fork mode-
2020-06-15T00:37:02: PM2 log: App [mi-api:1] online
2020-06-15T00:37:02: PM2 log: App [mi-api:1] exited with code [1] via signal [SIGINT]
2020-06-15T00:37:02: PM2 log: App [mi-api:1] starting in -fork mode-
2020-06-15T00:37:02: PM2 log: App [mi-api:1] online
2020-06-15T00:37:03: PM2 log: App [mi-api:1] exited with code [1] via signal [SIGINT]
2020-06-15T00:37:03: PM2 log: App [mi-api:1] starting in -fork mode-
2020-06-15T00:37:03: PM2 log: App [mi-api:1] online
2020-06-15T00:37:03: PM2 log: App [mi-api:1] exited with code [1] via signal [SIGINT]
2020-06-15T00:37:03: PM2 log: App [mi-api:1] starting in -fork mode-
2020-06-15T00:37:03: PM2 log: App [mi-api:1] online
2020-06-15T00:37:04: PM2 log: App [mi-api:1] exited with code [1] via signal [SIGINT]
2020-06-15T00:37:04: PM2 log: Script /root/node/src/index.js had too many unstable restarts (16). Stopped. "errored"
2020-06-15T00:37:14: PM2 log: Stopping app:mi-api id:0
2020-06-15T00:37:14: PM2 log: App [mi-api:0] exited with code [0] via signal [SIGINT]
2020-06-15T00:37:14: PM2 log: pid=11616 msg=process killed
2020-06-15T00:37:14: PM2 log: Stopping app:mi-api id:1
2020-06-15T00:37:14: PM2 error: app=mi-api id=1 does not have a pid
2020-06-15T00:38:46: PM2 log: App [mi-api:0] starting in -fork mode-
2020-06-15T00:38:46: PM2 log: App [mi-api:0] online
2020-06-15T00:49:33: PM2 log: Stopping app:mi-api id:0
2020-06-15T00:49:33: PM2 log: App [mi-api:0] exited with code [0] via signal [SIGINT]
2020-06-15T00:49:33: PM2 log: pid=12421 msg=process killed
2020-06-15T00:49:33: PM2 log: App [mi-api:0] starting in -fork mode-
2020-06-15T00:49:33: PM2 log: App [mi-api:0] online
2020-06-15T00:58:39: PM2 log: Stopping app:mi-api id:0
2020-06-15T00:58:39: PM2 log: App [mi-api:0] exited with code [0] via signal [SIGINT]
2020-06-15T00:58:39: PM2 log: pid=12503 msg=process killed
2020-06-15T00:58:39: PM2 log: App [mi-api:0] starting in -fork mode-
2020-06-15T00:58:39: PM2 log: App [mi-api:0] online
2020-06-15T01:09:25: PM2 log: App [mi-api:0] exited with code [1] via signal [SIGINT]
2020-06-15T01:09:25: PM2 log: App [mi-api:0] starting in -fork mode-
2020-06-15T01:09:25: PM2 log: App [mi-api:0] online
2020-06-15T01:10:46: PM2 log: Stopping app:mi-api id:0
2020-06-15T01:10:46: PM2 log: App [mi-api:0] exited with code [0] via signal [SIGINT]
2020-06-15T01:10:46: PM2 log: pid=12622 msg=process killed
2020-06-15T01:10:46: PM2 log: App [mi-api:0] starting in -fork mode-
2020-06-15T01:10:46: PM2 log: App [mi-api:0] online
2020-06-15T01:35:14: PM2 log: App [mi-api:0] exited with code [1] via signal [SIGINT]
2020-06-15T01:35:14: PM2 log: App [mi-api:0] starting in -fork mode-
2020-06-15T01:35:14: PM2 log: App [mi-api:0] online
2020-06-15T02:00:47: PM2 log: App [mi-api:0] exited with code [1] via signal [SIGINT]
2020-06-15T02:00:47: PM2 log: App [mi-api:0] starting in -fork mode-
2020-06-15T02:00:47: PM2 log: App [mi-api:0] online
2020-06-15T17:24:01: PM2 log: App [mi-api:0] exited with code [1] via signal [SIGINT]
2020-06-15T17:24:01: PM2 log: App [mi-api:0] starting in -fork mode-
2020-06-15T17:24:01: PM2 log: App [mi-api:0] online
2020-06-15T18:41:43: PM2 log: App [mi-api:0] exited with code [1] via signal [SIGINT]
2020-06-15T18:41:43: PM2 log: App [mi-api:0] starting in -fork mode-
2020-06-15T18:41:43: PM2 log: App [mi-api:0] online
2020-06-15T23:23:43: PM2 log: App [mi-api:0] exited with code [1] via signal [SIGINT]
2020-06-15T23:23:43: PM2 log: App [mi-api:0] starting in -fork mode-
2020-06-15T23:23:43: PM2 log: App [mi-api:0] online
2020-06-16T09:01:25: PM2 log: App [mi-api:0] exited with code [1] via signal [SIGINT]
2020-06-16T09:01:25: PM2 log: App [mi-api:0] starting in -fork mode-
2020-06-16T09:01:25: PM2 log: App [mi-api:0] online
2020-06-19T12:45:12: PM2 log: App [mi-api:0] exited with code [1] via signal [SIGINT]
2020-06-19T12:45:12: PM2 log: App [mi-api:0] starting in -fork mode-
2020-06-19T12:45:12: PM2 log: App [mi-api:0] online
2020-06-20T07:26:12: PM2 log: App [mi-api:0] exited with code [1] via signal [SIGINT]
2020-06-20T07:26:12: PM2 log: App [mi-api:0] starting in -fork mode-
2020-06-20T07:26:12: PM2 log: App [mi-api:0] online
2020-06-21T09:02:50: PM2 log: App [mi-api:0] exited with code [1] via signal [SIGINT]
2020-06-21T09:02:50: PM2 log: App [mi-api:0] starting in -fork mode-
2020-06-21T09:02:50: PM2 log: App [mi-api:0] online
2020-06-21T09:15:44: PM2 log: App [mi-api:0] exited with code [1] via signal [SIGINT]
2020-06-21T09:15:44: PM2 log: App [mi-api:0] starting in -fork mode-
2020-06-21T09:15:44: PM2 log: App [mi-api:0] online
2020-06-21T16:21:46: PM2 log: App [mi-api:0] exited with code [1] via signal [SIGINT]
2020-06-21T16:21:46: PM2 log: App [mi-api:0] starting in -fork mode-
2020-06-21T16:21:46: PM2 log: App [mi-api:0] online
2020-06-21T21:59:34: PM2 log: App [mi-api:0] exited with code [1] via signal [SIGINT]
2020-06-21T21:59:34: PM2 log: App [mi-api:0] starting in -fork mode-
2020-06-21T21:59:34: PM2 log: App [mi-api:0] online
